<?xml version="1.0" encoding="UTF-8"?>
<!-- Generated by org.testng.reporters.JUnitReportReporter -->
<testsuite hostname="LAPTOP-B8VHV2OK" failures="0" tests="1" name="pkg.Basic" time="1.860" errors="0" timestamp="2024-01-04T13:09:29 IST" skipped="0">
  <testcase classname="pkg.Basic" name="test" time="1.860"/>
  <system-out/>
</testsuite> <!-- pkg.Basic -->
