<?xml version="1.0" encoding="UTF-8"?>
<!-- Generated by org.testng.reporters.JUnitReportReporter -->
<testsuite hostname="LAPTOP-B8VHV2OK" failures="0" tests="1" name="pomtest.Blazetest" time="2.999" errors="0" timestamp="2024-01-08T13:55:34 IST" skipped="0">
  <testcase classname="pomtest.Blazetest" name="test" time="2.999"/>
  <system-out/>
</testsuite> <!-- pomtest.Blazetest -->
